<?xml version="1.0" encoding="UTF-8"?>
<!-- Generated by org.testng.reporters.JUnitReportReporter -->
<testsuite skipped="0" hostname="GGN000201150001" name="com.automation.qa.testcases.SignUpPageTest" tests="20" failures="0" timestamp="2020-04-27T15:58:02 IST" time="5.610" errors="0">
  <testcase name="enterNewEmailAddress" time="0.363" classname="com.automation.qa.testcases.SignUpPageTest"/>
  <system-out/>
  <testcase name="validateSignUpPageTitle" time="0.007" classname="com.automation.qa.testcases.SignUpPageTest"/>
  <system-out/>
  <testcase name="validateSignUpPageHeaderText" time="0.062" classname="com.automation.qa.testcases.SignUpPageTest"/>
  <system-out/>
  <testcase name="customertitleSelectMale" time="1.490" classname="com.automation.qa.testcases.SignUpPageTest"/>
  <system-out/>
  <testcase name="enterCustomerFirstName" time="0.042" classname="com.automation.qa.testcases.SignUpPageTest"/>
  <system-out/>
  <testcase name="enterCustomerLastName" time="0.041" classname="com.automation.qa.testcases.SignUpPageTest"/>
  <system-out/>
  <testcase name="enterCustomerPassword" time="0.033" classname="com.automation.qa.testcases.SignUpPageTest"/>
  <system-out/>
  <testcase name="enterDateOfBirth" time="0.349" classname="com.automation.qa.testcases.SignUpPageTest"/>
  <system-out/>
  <testcase name="enterMonthOfBirth" time="0.288" classname="com.automation.qa.testcases.SignUpPageTest"/>
  <system-out/>
  <testcase name="enterYearOfBirth" time="0.265" classname="com.automation.qa.testcases.SignUpPageTest"/>
  <system-out/>
  <testcase name="enterAddressLine1" time="0.034" classname="com.automation.qa.testcases.SignUpPageTest"/>
  <system-out/>
  <testcase name="enterCityName" time="0.034" classname="com.automation.qa.testcases.SignUpPageTest"/>
  <system-out/>
  <testcase name="enterStateName" time="0.280" classname="com.automation.qa.testcases.SignUpPageTest"/>
  <system-out/>
  <testcase name="selectCountryName" time="0.045" classname="com.automation.qa.testcases.SignUpPageTest"/>
  <system-out/>
  <testcase name="enterPostalCode" time="0.035" classname="com.automation.qa.testcases.SignUpPageTest"/>
  <system-out/>
  <testcase name="enterMobileNumber" time="0.039" classname="com.automation.qa.testcases.SignUpPageTest"/>
  <system-out/>
  <testcase name="addressReferenceName" time="0.041" classname="com.automation.qa.testcases.SignUpPageTest"/>
  <system-out/>
  <testcase name="clickOnRegisterButton" time="2.122" classname="com.automation.qa.testcases.SignUpPageTest"/>
  <system-out/>
  <testcase name="testTileOfMyAccountsPage" time="0.006" classname="com.automation.qa.testcases.SignUpPageTest"/>
  <system-out/>
  <testcase name="validateUserName" time="0.034" classname="com.automation.qa.testcases.SignUpPageTest"/>
  <system-out/>
</testsuite> <!-- com.automation.qa.testcases.SignUpPageTest -->
