<?xml version="1.0" encoding="UTF-8"?>
<!-- Generated by org.testng.reporters.JUnitReportReporter -->
<testsuite skipped="0" hostname="GGN000201150001" name="com.automation.qa.testcases.LoginPageNegativeTest" tests="5" failures="0" timestamp="2020-04-27T15:58:02 IST" time="1.905" errors="0">
  <testcase name="validateTitle" time="0.006" classname="com.automation.qa.testcases.LoginPageNegativeTest"/>
  <system-out/>
  <testcase name="enterEmailid" time="0.050" classname="com.automation.qa.testcases.LoginPageNegativeTest"/>
  <system-out/>
  <testcase name="enterPassword" time="0.061" classname="com.automation.qa.testcases.LoginPageNegativeTest"/>
  <system-out/>
  <testcase name="clickSignButton" time="1.743" classname="com.automation.qa.testcases.LoginPageNegativeTest"/>
  <system-out/>
  <testcase name="inValidEmailTextDispalyed" time="0.045" classname="com.automation.qa.testcases.LoginPageNegativeTest"/>
  <system-out/>
</testsuite> <!-- com.automation.qa.testcases.LoginPageNegativeTest -->
