<?xml version="1.0" encoding="UTF-8"?>
<!-- Generated by org.testng.reporters.JUnitReportReporter -->
<testsuite skipped="0" hostname="Shubhams-Air.domain.name" name="com.automation.qa.testcases.SignUpPageTest" tests="20" failures="0" timestamp="2020-05-10T22:39:46 IST" time="14.660" errors="0">
  <testcase name="enterNewEmailAddress" time="2.085" classname="com.automation.qa.testcases.SignUpPageTest"/>
  <system-out/>
  <testcase name="validateSignUpPageTitle" time="0.044" classname="com.automation.qa.testcases.SignUpPageTest"/>
  <system-out/>
  <testcase name="validateSignUpPageHeaderText" time="0.144" classname="com.automation.qa.testcases.SignUpPageTest"/>
  <system-out/>
  <testcase name="customertitleSelectMale" time="1.975" classname="com.automation.qa.testcases.SignUpPageTest"/>
  <system-out/>
  <testcase name="enterCustomerFirstName" time="0.657" classname="com.automation.qa.testcases.SignUpPageTest"/>
  <system-out/>
  <testcase name="enterCustomerLastName" time="0.439" classname="com.automation.qa.testcases.SignUpPageTest"/>
  <system-out/>
  <testcase name="enterCustomerPassword" time="0.433" classname="com.automation.qa.testcases.SignUpPageTest"/>
  <system-out/>
  <testcase name="enterDateOfBirth" time="0.434" classname="com.automation.qa.testcases.SignUpPageTest"/>
  <system-out/>
  <testcase name="enterMonthOfBirth" time="0.310" classname="com.automation.qa.testcases.SignUpPageTest"/>
  <system-out/>
  <testcase name="enterYearOfBirth" time="0.331" classname="com.automation.qa.testcases.SignUpPageTest"/>
  <system-out/>
  <testcase name="enterAddressLine1" time="0.529" classname="com.automation.qa.testcases.SignUpPageTest"/>
  <system-out/>
  <testcase name="enterCityName" time="0.435" classname="com.automation.qa.testcases.SignUpPageTest"/>
  <system-out/>
  <testcase name="enterStateName" time="0.290" classname="com.automation.qa.testcases.SignUpPageTest"/>
  <system-out/>
  <testcase name="selectCountryName" time="0.230" classname="com.automation.qa.testcases.SignUpPageTest"/>
  <system-out/>
  <testcase name="enterPostalCode" time="0.333" classname="com.automation.qa.testcases.SignUpPageTest"/>
  <system-out/>
  <testcase name="enterMobileNumber" time="0.480" classname="com.automation.qa.testcases.SignUpPageTest"/>
  <system-out/>
  <testcase name="addressReferenceName" time="0.548" classname="com.automation.qa.testcases.SignUpPageTest"/>
  <system-out/>
  <testcase name="clickOnRegisterButton" time="4.787" classname="com.automation.qa.testcases.SignUpPageTest"/>
  <system-out/>
  <testcase name="testTileOfMyAccountsPage" time="0.032" classname="com.automation.qa.testcases.SignUpPageTest"/>
  <system-out/>
  <testcase name="validateUserName" time="0.144" classname="com.automation.qa.testcases.SignUpPageTest"/>
  <system-out/>
</testsuite> <!-- com.automation.qa.testcases.SignUpPageTest -->
