<?xml version="1.0" encoding="UTF-8"?>
<!-- Generated by org.testng.reporters.JUnitReportReporter -->
<testsuite skipped="0" hostname="Shubhams-Air.domain.name" name="com.automation.qa.testcases.LoginPageNegativeTest" tests="5" failures="0" timestamp="2020-05-10T20:13:44 IST" time="5.046" errors="0">
  <testcase name="validateTitle" time="0.029" classname="com.automation.qa.testcases.LoginPageNegativeTest"/>
  <system-out/>
  <testcase name="enterEmailid" time="1.308" classname="com.automation.qa.testcases.LoginPageNegativeTest"/>
  <system-out/>
  <testcase name="enterPassword" time="0.492" classname="com.automation.qa.testcases.LoginPageNegativeTest"/>
  <system-out/>
  <testcase name="clickSignButton" time="3.108" classname="com.automation.qa.testcases.LoginPageNegativeTest"/>
  <system-out/>
  <testcase name="inValidEmailTextDispalyed" time="0.109" classname="com.automation.qa.testcases.LoginPageNegativeTest"/>
  <system-out/>
</testsuite> <!-- com.automation.qa.testcases.LoginPageNegativeTest -->
