<?xml version="1.0" encoding="UTF-8"?>
<!-- Generated by org.testng.reporters.JUnitReportReporter -->
<testsuite skipped="0" hostname="Shubhams-Air.domain.name" name="com.automation.qa.testcases.LandingPageTest" tests="3" failures="0" timestamp="2020-05-10T22:37:00 IST" time="9.112" errors="0">
  <testcase name="landingPageTitleTest" time="0.032" classname="com.automation.qa.testcases.LandingPageTest"/>
  <system-out/>
  <testcase name="siteLogoTest" time="0.125" classname="com.automation.qa.testcases.LandingPageTest"/>
  <system-out/>
  <testcase name="loginClick" time="8.955" classname="com.automation.qa.testcases.LandingPageTest"/>
  <system-out/>
</testsuite> <!-- com.automation.qa.testcases.LandingPageTest -->
